Fri Jun 02 14:30:38 AEST 2017 : Apache Derby Network Server - 10.11.1.2 - (1629631) started and ready to accept connections on port 1527
----------------------------------------------------------------
Fri Jun 02 14:30:46 AEST 2017:
Booting Derby version The Apache Software Foundation - Apache Derby - 10.11.1.2 - (1629631): instance a816c00e-015c-6711-c94f-00004a39d7b3 
on database directory C:\Users\Pablo\Desktop\AIT\Java\Assessment2\AITBank\BankDatabase with class loader sun.misc.Launcher$AppClassLoader@6f94fa3e 
Loaded from file:/C:/Program%20Files/Java/jdk1.8.0_121/db/lib/derby.jar
java.vendor=Oracle Corporation
java.runtime.version=1.8.0_121-b13
user.dir=C:\Program Files\Java\jdk1.8.0_121\db
os.name=Windows 10
os.arch=amd64
os.version=10.0
derby.system.home=C:\Users\Pablo\Desktop\AIT\Java\Assessment2\AITBank
Database Class Loader started - derby.database.classpath=''
----------------------------------------------------------------
Fri Jun 02 15:50:46 AEST 2017: Shutting down Derby engine
----------------------------------------------------------------
Fri Jun 02 15:50:46 AEST 2017:
Shutting down instance a816c00e-015c-6711-c94f-00004a39d7b3 on database directory C:\Users\Pablo\Desktop\AIT\Java\Assessment2\AITBank\BankDatabase with class loader sun.misc.Launcher$AppClassLoader@6f94fa3e 
----------------------------------------------------------------
